Tue, 27 Aug 2024 05:25:19 D:\Polytama Propindo\Production - Documents\Bulk\Operations\2005\LST\LST~1\01~JAN\01.XLS:-> INDEX 1
Tue, 27 Aug 2024 05:25:19 D:\Polytama Propindo\Production - Documents\Bulk\Operations\2005\LST\LST~1\01~JAN\02.XLS:-> INDEX 4
Tue, 27 Aug 2024 05:25:19 D:\Polytama Propindo\Production - Documents\Bulk\Operations\2005\LST\LST~1\01~JAN\03.XLS:-> INDEX 7
Tue, 27 Aug 2024 05:25:19 D:\Polytama Propindo\Production - Documents\Bulk\Operations\2005\LST\LST~1\01~JAN\04.XLS:-> INDEX 10
Tue, 27 Aug 2024 05:25:19 D:\Polytama Propindo\Production - Documents\Bulk\Operations\2005\LST\LST~1\01~JAN\05.XLS:-> INDEX 13
Tue, 27 Aug 2024 05:25:19 D:\Polytama Propindo\Production - Documents\Bulk\Operations\2005\LST\LST~1\01~JAN\06.XLS:-> INDEX 16
Tue, 27 Aug 2024 05:25:19 D:\Polytama Propindo\Production - Documents\Bulk\Operations\2005\LST\LST~1\01~JAN\08.XLS:-> INDEX 19
Tue, 27 Aug 2024 05:25:20 D:\Polytama Propindo\Production - Documents\Bulk\Operations\2005\LST\LST~1\01~JAN\11.XLS:-> INDEX 22
Tue, 27 Aug 2024 05:25:20 D:\Polytama Propindo\Production - Documents\Bulk\Operations\2005\LST\LST~1\01~JAN\12.XLS:-> INDEX 25
Tue, 27 Aug 2024 05:25:20 D:\Polytama Propindo\Production - Documents\Bulk\Operations\2005\LST\LST~1\01~JAN\13.XLS:-> INDEX 28
Tue, 27 Aug 2024 05:25:20 D:\Polytama Propindo\Production - Documents\Bulk\Operations\2005\LST\LST~1\01~JAN\16.XLS:-> INDEX 31
Tue, 27 Aug 2024 05:25:20 D:\Polytama Propindo\Production - Documents\Bulk\Operations\2005\LST\LST~1\01~JAN\17.XLS:-> INDEX 34
Tue, 27 Aug 2024 05:25:20 D:\Polytama Propindo\Production - Documents\Bulk\Operations\2005\LST\LST~1\02~PEB\18.XLS:-> INDEX 37
Tue, 27 Aug 2024 05:25:20 D:\Polytama Propindo\Production - Documents\Bulk\Operations\2005\LST\LST~1\02~PEB\19.XLS:-> INDEX 40
Tue, 27 Aug 2024 05:25:20 D:\Polytama Propindo\Production - Documents\Bulk\Operations\2005\LST\LST~1\02~PEB\20.XLS:-> INDEX 43
Tue, 27 Aug 2024 05:25:20 D:\Polytama Propindo\Production - Documents\Bulk\Operations\2005\LST\LST~1\02~PEB\21.XLS:-> INDEX 46
Tue, 27 Aug 2024 05:25:20 D:\Polytama Propindo\Production - Documents\Bulk\Operations\2005\LST\LST~1\02~PEB\22.XLS:-> INDEX 49
Tue, 27 Aug 2024 05:25:20 D:\Polytama Propindo\Production - Documents\Bulk\Operations\2005\LST\LST~1\02~PEB\23.XLS:-> INDEX 52
Tue, 27 Aug 2024 05:25:20 D:\Polytama Propindo\Production - Documents\Bulk\Operations\2005\LST\LST~1\02~PEB\24.XLS:-> INDEX 55
Tue, 27 Aug 2024 05:25:20 D:\Polytama Propindo\Production - Documents\Bulk\Operations\2005\LST\LST~1\02~PEB\26.XLS:-> INDEX 58
Tue, 27 Aug 2024 05:25:20 D:\Polytama Propindo\Production - Documents\Bulk\Operations\2005\LST\LST~1\02~PEB\27.XLS:-> INDEX 61
Tue, 27 Aug 2024 05:25:20 D:\Polytama Propindo\Production - Documents\Bulk\Operations\2005\LST\LST~1\03~MAR\05.XLS:-> INDEX 64
Tue, 27 Aug 2024 05:25:20 D:\Polytama Propindo\Production - Documents\Bulk\Operations\2005\LST\LST~1\03~MAR\07.XLS:-> INDEX 67
Tue, 27 Aug 2024 05:25:20 D:\Polytama Propindo\Production - Documents\Bulk\Operations\2005\LST\LST~1\03~MAR\08.XLS:-> INDEX 70
Tue, 27 Aug 2024 05:25:20 D:\Polytama Propindo\Production - Documents\Bulk\Operations\2005\LST\LST~1\03~MAR\09.XLS:-> INDEX 73
Tue, 27 Aug 2024 05:25:20 D:\Polytama Propindo\Production - Documents\Bulk\Operations\2005\LST\LST~1\03~MAR\10.XLS:-> INDEX 76
Tue, 27 Aug 2024 05:25:20 D:\Polytama Propindo\Production - Documents\Bulk\Operations\2005\LST\LST~1\03~MAR\11.XLS:-> INDEX 79
Tue, 27 Aug 2024 05:25:20 D:\Polytama Propindo\Production - Documents\Bulk\Operations\2005\LST\LST~1\03~MAR\18.XLS:-> INDEX 82
Tue, 27 Aug 2024 05:25:20 D:\Polytama Propindo\Production - Documents\Bulk\Operations\2005\LST\LST~1\03~MAR\19.XLS:-> INDEX 85
Tue, 27 Aug 2024 05:25:20 D:\Polytama Propindo\Production - Documents\Bulk\Operations\2005\LST\LST~1\03~MAR\20.XLS:-> INDEX 88
Tue, 27 Aug 2024 05:25:21 D:\Polytama Propindo\Production - Documents\Bulk\Operations\2005\LST\LST~1\03~MAR\21.XLS:-> INDEX 91
Tue, 27 Aug 2024 05:25:21 D:\Polytama Propindo\Production - Documents\Bulk\Operations\2005\LST\LST~1\03~MAR\22.XLS:-> INDEX 94
Tue, 27 Aug 2024 05:25:21 D:\Polytama Propindo\Production - Documents\Bulk\Operations\2005\LST\LST~1\03~MAR\23.XLS:-> INDEX 97
Tue, 27 Aug 2024 05:25:21 D:\Polytama Propindo\Production - Documents\Bulk\Operations\2005\LST\LST~1\03~MAR\25.XLS:-> INDEX 100
Tue, 27 Aug 2024 05:25:21 D:\Polytama Propindo\Production - Documents\Bulk\Operations\2005\LST\LST~1\04~APR\06.XLS:-> INDEX 103
Tue, 27 Aug 2024 05:25:21 D:\Polytama Propindo\Production - Documents\Bulk\Operations\2005\LST\LST~1\04~APR\07.XLS:-> INDEX 106
Tue, 27 Aug 2024 05:25:21 D:\Polytama Propindo\Production - Documents\Bulk\Operations\2005\LST\LST~1\04~APR\08.XLS:-> INDEX 109
Tue, 27 Aug 2024 05:25:21 D:\Polytama Propindo\Production - Documents\Bulk\Operations\2005\LST\LST~1\04~APR\09.XLS:-> INDEX 112
Tue, 27 Aug 2024 05:25:21 D:\Polytama Propindo\Production - Documents\Bulk\Operations\2005\LST\LST~1\04~APR\10.XLS:-> INDEX 115
Tue, 27 Aug 2024 05:25:21 D:\Polytama Propindo\Production - Documents\Bulk\Operations\2005\LST\LST~1\04~APR\11.XLS:-> INDEX 118
Tue, 27 Aug 2024 05:25:21 D:\Polytama Propindo\Production - Documents\Bulk\Operations\2005\LST\LST~1\04~APR\21.XLS:-> INDEX 121
Tue, 27 Aug 2024 05:25:21 D:\Polytama Propindo\Production - Documents\Bulk\Operations\2005\LST\LST~1\04~APR\22.XLS:-> INDEX 124
Tue, 27 Aug 2024 05:25:21 D:\Polytama Propindo\Production - Documents\Bulk\Operations\2005\LST\LST~1\04~APR\23.XLS:-> INDEX 127
Tue, 27 Aug 2024 05:25:21 D:\Polytama Propindo\Production - Documents\Bulk\Operations\2005\LST\LST~1\04~APR\24.XLS:-> INDEX 130
Tue, 27 Aug 2024 05:25:21 D:\Polytama Propindo\Production - Documents\Bulk\Operations\2005\LST\LST~1\04~APR\25.XLS:-> INDEX 133
Tue, 27 Aug 2024 05:25:21 D:\Polytama Propindo\Production - Documents\Bulk\Operations\2005\LST\LST~1\04~APR\26.XLS:-> INDEX 136
Tue, 27 Aug 2024 05:25:21 D:\Polytama Propindo\Production - Documents\Bulk\Operations\2005\LST\LST~1\04~APR\27.XLS:-> INDEX 139
Tue, 27 Aug 2024 05:25:21 D:\Polytama Propindo\Production - Documents\Bulk\Operations\2005\LST\LST~1\04~APR\28.XLS:-> INDEX 142
Tue, 27 Aug 2024 05:25:21 D:\Polytama Propindo\Production - Documents\Bulk\Operations\2005\LST\LST~1\04~APR\29.XLS:-> INDEX 145
Tue, 27 Aug 2024 05:25:21 D:\Polytama Propindo\Production - Documents\Bulk\Operations\2005\LST\LST~1\05~MEI\01.XLS:-> INDEX 148
Tue, 27 Aug 2024 05:25:22 D:\Polytama Propindo\Production - Documents\Bulk\Operations\2005\LST\LST~1\05~MEI\13.XLS:-> INDEX 151
Tue, 27 Aug 2024 05:25:22 D:\Polytama Propindo\Production - Documents\Bulk\Operations\2005\LST\LST~1\05~MEI\14.XLS:-> INDEX 154
Tue, 27 Aug 2024 05:25:22 D:\Polytama Propindo\Production - Documents\Bulk\Operations\2005\LST\LST~1\05~MEI\15.XLS:-> INDEX 157
Tue, 27 Aug 2024 05:25:22 D:\Polytama Propindo\Production - Documents\Bulk\Operations\2005\LST\LST~1\05~MEI\16.XLS:-> INDEX 160
Tue, 27 Aug 2024 05:25:22 D:\Polytama Propindo\Production - Documents\Bulk\Operations\2005\LST\LST~1\05~MEI\17.XLS:-> INDEX 163
Tue, 27 Aug 2024 05:25:22 D:\Polytama Propindo\Production - Documents\Bulk\Operations\2005\LST\LST~1\05~MEI\20.XLS:-> INDEX 166
Tue, 27 Aug 2024 05:25:22 D:\Polytama Propindo\Production - Documents\Bulk\Operations\2005\LST\LST~1\05~MEI\21.XLS:-> INDEX 169
Tue, 27 Aug 2024 05:25:22 D:\Polytama Propindo\Production - Documents\Bulk\Operations\2005\LST\LST~1\05~MEI\22.XLS:-> INDEX 172
Tue, 27 Aug 2024 05:25:22 D:\Polytama Propindo\Production - Documents\Bulk\Operations\2005\LST\LST~1\05~MEI\23.XLS:-> INDEX 175
Tue, 27 Aug 2024 05:25:22 D:\Polytama Propindo\Production - Documents\Bulk\Operations\2005\LST\LST~1\05~MEI\24.XLS:-> INDEX 178
Tue, 27 Aug 2024 05:25:22 D:\Polytama Propindo\Production - Documents\Bulk\Operations\2005\LST\LST~1\05~MEI\25.XLS:-> INDEX 181
Tue, 27 Aug 2024 05:25:22 D:\Polytama Propindo\Production - Documents\Bulk\Operations\2005\LST\LST~1\05~MEI\26.XLS:-> INDEX 184
Tue, 27 Aug 2024 05:25:22 D:\Polytama Propindo\Production - Documents\Bulk\Operations\2005\LST\LST~1\05~MEI\28.XLS:-> INDEX 187
Tue, 27 Aug 2024 05:25:22 D:\Polytama Propindo\Production - Documents\Bulk\Operations\2005\LST\LST~1\05~MEI\29.XLS:-> INDEX 190
Tue, 27 Aug 2024 05:25:22 D:\Polytama Propindo\Production - Documents\Bulk\Operations\2005\LST\LST~1\05~MEI\31.XLS:-> INDEX 193
Tue, 27 Aug 2024 05:25:22 D:\Polytama Propindo\Production - Documents\Bulk\Operations\2005\LST\LST~1\06~JUN\01.XLS:-> INDEX 196
Tue, 27 Aug 2024 05:25:22 D:\Polytama Propindo\Production - Documents\Bulk\Operations\2005\LST\LST~1\06~JUN\09.XLS:-> INDEX 199
Tue, 27 Aug 2024 05:25:22 D:\Polytama Propindo\Production - Documents\Bulk\Operations\2005\LST\LST~1\06~JUN\19.XLS:-> INDEX 202
Tue, 27 Aug 2024 05:25:23 D:\Polytama Propindo\Production - Documents\Bulk\Operations\2005\LST\LST~1\06~JUN\20.XLS:-> INDEX 205
Tue, 27 Aug 2024 05:25:23 D:\Polytama Propindo\Production - Documents\Bulk\Operations\2005\LST\LST~1\06~JUN\21.XLS:-> INDEX 208
Tue, 27 Aug 2024 05:25:23 D:\Polytama Propindo\Production - Documents\Bulk\Operations\2005\LST\LST~1\06~JUN\22.XLS:-> INDEX 211
Tue, 27 Aug 2024 05:25:23 D:\Polytama Propindo\Production - Documents\Bulk\Operations\2005\LST\LST~1\06~JUN\23.XLS:-> INDEX 214
Tue, 27 Aug 2024 05:25:23 D:\Polytama Propindo\Production - Documents\Bulk\Operations\2005\LST\LST~1\06~JUN\24.XLS:-> INDEX 217
Tue, 27 Aug 2024 05:25:23 D:\Polytama Propindo\Production - Documents\Bulk\Operations\2005\LST\LST~1\06~JUN\25.XLS:-> INDEX 220
Tue, 27 Aug 2024 05:25:23 D:\Polytama Propindo\Production - Documents\Bulk\Operations\2005\LST\LST~1\06~JUN\26.XLS:-> INDEX 223
Tue, 27 Aug 2024 05:25:23 D:\Polytama Propindo\Production - Documents\Bulk\Operations\2005\LST\LST~1\06~JUN\29.XLS:-> INDEX 226
Tue, 27 Aug 2024 05:25:23 D:\Polytama Propindo\Production - Documents\Bulk\Operations\2005\LST\LST~1\06~JUN\30.XLS:-> INDEX 229
Tue, 27 Aug 2024 05:25:23 D:\Polytama Propindo\Production - Documents\Bulk\Operations\2005\LST\LST~1\07~JUL\03.XLS:-> INDEX 232
Tue, 27 Aug 2024 05:25:23 D:\Polytama Propindo\Production - Documents\Bulk\Operations\2005\LST\LST~1\07~JUL\04.XLS:-> INDEX 235
Tue, 27 Aug 2024 05:25:23 D:\Polytama Propindo\Production - Documents\Bulk\Operations\2005\LST\LST~1\07~JUL\26.XLS:-> INDEX 238
Tue, 27 Aug 2024 05:25:23 D:\Polytama Propindo\Production - Documents\Bulk\Operations\2005\LST\LST~1\07~JUL\28.XLS:-> INDEX 241
Tue, 27 Aug 2024 05:25:23 D:\Polytama Propindo\Production - Documents\Bulk\Operations\2005\LST\LST~1\07~JUL\30.XLS:-> INDEX 244
Tue, 27 Aug 2024 05:25:23 D:\Polytama Propindo\Production - Documents\Bulk\Operations\2005\LST\LST~1\07~JUL\31.XLS:-> INDEX 247
Tue, 27 Aug 2024 05:25:23 D:\Polytama Propindo\Production - Documents\Bulk\Operations\2005\LST\LST~1\08~AGU\01.XLS:-> INDEX 250
Tue, 27 Aug 2024 05:25:23 D:\Polytama Propindo\Production - Documents\Bulk\Operations\2005\LST\LST~1\08~AGU\02.XLS:-> INDEX 253
Tue, 27 Aug 2024 05:25:23 D:\Polytama Propindo\Production - Documents\Bulk\Operations\2005\LST\LST~1\08~AGU\04.XLS:-> INDEX 256
Tue, 27 Aug 2024 05:25:24 D:\Polytama Propindo\Production - Documents\Bulk\Operations\2005\LST\LST~1\08~AGU\10.XLS:-> INDEX 259
Tue, 27 Aug 2024 05:25:24 D:\Polytama Propindo\Production - Documents\Bulk\Operations\2005\LST\LST~1\08~AGU\11.XLS:-> INDEX 262
Tue, 27 Aug 2024 05:25:24 D:\Polytama Propindo\Production - Documents\Bulk\Operations\2005\LST\LST~1\08~AGU\12.XLS:-> INDEX 265
Tue, 27 Aug 2024 05:25:24 D:\Polytama Propindo\Production - Documents\Bulk\Operations\2005\LST\LST~1\08~AGU\13.XLS:-> INDEX 268
Tue, 27 Aug 2024 05:25:24 D:\Polytama Propindo\Production - Documents\Bulk\Operations\2005\LST\LST~1\08~AGU\14.XLS:-> INDEX 271
Tue, 27 Aug 2024 05:25:24 D:\Polytama Propindo\Production - Documents\Bulk\Operations\2005\LST\LST~1\08~AGU\15.XLS:-> INDEX 274
Tue, 27 Aug 2024 05:25:24 D:\Polytama Propindo\Production - Documents\Bulk\Operations\2005\LST\LST~1\08~AGU\17.XLS:-> INDEX 277
Tue, 27 Aug 2024 05:25:24 D:\Polytama Propindo\Production - Documents\Bulk\Operations\2005\LST\LST~1\08~AGU\18.XLS:-> INDEX 280
Tue, 27 Aug 2024 05:25:24 D:\Polytama Propindo\Production - Documents\Bulk\Operations\2005\LST\LST~1\08~AGU\19.XLS:-> INDEX 283
Tue, 27 Aug 2024 05:25:24 D:\Polytama Propindo\Production - Documents\Bulk\Operations\2005\LST\LST~1\08~AGU\21.XLS:-> INDEX 286
Tue, 27 Aug 2024 05:25:24 D:\Polytama Propindo\Production - Documents\Bulk\Operations\2005\LST\LST~1\08~AGU\22.XLS:-> INDEX 289
Tue, 27 Aug 2024 05:25:24 D:\Polytama Propindo\Production - Documents\Bulk\Operations\2005\LST\LST~1\09~SEP\18.XLS:-> INDEX 292
Tue, 27 Aug 2024 05:25:24 D:\Polytama Propindo\Production - Documents\Bulk\Operations\2005\LST\LST~1\09~SEP\19.XLS:-> INDEX 295
Tue, 27 Aug 2024 05:25:24 D:\Polytama Propindo\Production - Documents\Bulk\Operations\2005\LST\LST~1\09~SEP\20.XLS:-> INDEX 298
Tue, 27 Aug 2024 05:25:25 D:\Polytama Propindo\Production - Documents\Bulk\Operations\2005\LST\LST~1\09~SEP\21.XLS:-> INDEX 301
Tue, 27 Aug 2024 05:25:25 D:\Polytama Propindo\Production - Documents\Bulk\Operations\2005\LST\LST~1\09~SEP\23.XLS:-> INDEX 304
Tue, 27 Aug 2024 05:25:25 D:\Polytama Propindo\Production - Documents\Bulk\Operations\2005\LST\LST~1\09~SEP\29.XLS:-> INDEX 307
Tue, 27 Aug 2024 05:25:25 D:\Polytama Propindo\Production - Documents\Bulk\Operations\2005\LST\LST~1\09~SEP\30.XLS:-> INDEX 310
Tue, 27 Aug 2024 05:25:25 D:\Polytama Propindo\Production - Documents\Bulk\Operations\2005\LST\LST~1\10~OKT\01.XLS:-> INDEX 313
Tue, 27 Aug 2024 05:25:25 D:\Polytama Propindo\Production - Documents\Bulk\Operations\2005\LST\LST~1\10~OKT\02.XLS:-> INDEX 316
Tue, 27 Aug 2024 05:25:25 D:\Polytama Propindo\Production - Documents\Bulk\Operations\2005\LST\LST~1\10~OKT\03.XLS:-> INDEX 319
Tue, 27 Aug 2024 05:25:25 D:\Polytama Propindo\Production - Documents\Bulk\Operations\2005\LST\LST~1\10~OKT\04.XLS:-> INDEX 322
Tue, 27 Aug 2024 05:25:25 D:\Polytama Propindo\Production - Documents\Bulk\Operations\2005\LST\LST~1\10~OKT\05.XLS:-> INDEX 325
Tue, 27 Aug 2024 05:25:25 D:\Polytama Propindo\Production - Documents\Bulk\Operations\2005\LST\LST~1\10~OKT\08.XLS:-> INDEX 328
Tue, 27 Aug 2024 05:25:25 D:\Polytama Propindo\Production - Documents\Bulk\Operations\2005\LST\LST~1\10~OKT\09.XLS:-> INDEX 331
Tue, 27 Aug 2024 05:25:25 D:\Polytama Propindo\Production - Documents\Bulk\Operations\2005\LST\LST~1\10~OKT\10.XLS:-> INDEX 334
Tue, 27 Aug 2024 05:25:25 D:\Polytama Propindo\Production - Documents\Bulk\Operations\2005\LST\LST~1\10~OKT\11.XLS:-> INDEX 337
Tue, 27 Aug 2024 05:25:25 D:\Polytama Propindo\Production - Documents\Bulk\Operations\2005\LST\LST~1\10~OKT\12.XLS:-> INDEX 340
Tue, 27 Aug 2024 05:25:25 D:\Polytama Propindo\Production - Documents\Bulk\Operations\2005\LST\LST~1\10~OKT\13.XLS:-> INDEX 343
Tue, 27 Aug 2024 05:25:25 D:\Polytama Propindo\Production - Documents\Bulk\Operations\2005\LST\LST~1\10~OKT\14.XLS:-> INDEX 346
Tue, 27 Aug 2024 05:25:26 D:\Polytama Propindo\Production - Documents\Bulk\Operations\2005\LST\LST~1\11~NOP\04.XLS:-> INDEX 349
Tue, 27 Aug 2024 05:25:26 D:\Polytama Propindo\Production - Documents\Bulk\Operations\2005\LST\LST~1\11~NOP\05.XLS:-> INDEX 352
Tue, 27 Aug 2024 05:25:26 D:\Polytama Propindo\Production - Documents\Bulk\Operations\2005\LST\LST~1\11~NOP\06.XLS:-> INDEX 355
Tue, 27 Aug 2024 05:25:26 D:\Polytama Propindo\Production - Documents\Bulk\Operations\2005\LST\LST~1\11~NOP\07.XLS:-> INDEX 358
Tue, 27 Aug 2024 05:25:26 D:\Polytama Propindo\Production - Documents\Bulk\Operations\2005\LST\LST~1\11~NOP\08.XLS:-> INDEX 361
Tue, 27 Aug 2024 05:25:26 D:\Polytama Propindo\Production - Documents\Bulk\Operations\2005\LST\LST~1\11~NOP\09.XLS:-> INDEX 364
Tue, 27 Aug 2024 05:25:26 D:\Polytama Propindo\Production - Documents\Bulk\Operations\2005\LST\LST~1\11~NOP\10.XLS:-> INDEX 367
Tue, 27 Aug 2024 05:25:26 D:\Polytama Propindo\Production - Documents\Bulk\Operations\2005\LST\LST~1\11~NOP\11.XLS:-> INDEX 370
Tue, 27 Aug 2024 05:25:26 D:\Polytama Propindo\Production - Documents\Bulk\Operations\2005\LST\LST~1\11~NOP\15.XLS:-> INDEX 373
Tue, 27 Aug 2024 05:25:26 D:\Polytama Propindo\Production - Documents\Bulk\Operations\2005\LST\LST~1\11~NOP\16.XLS:-> INDEX 376
Tue, 27 Aug 2024 05:25:26 D:\Polytama Propindo\Production - Documents\Bulk\Operations\2005\LST\LST~1\11~NOP\17.XLS:-> INDEX 379
Tue, 27 Aug 2024 05:25:26 D:\Polytama Propindo\Production - Documents\Bulk\Operations\2005\LST\LST~1\11~NOP\19.XLS:-> INDEX 382
Tue, 27 Aug 2024 05:25:26 D:\Polytama Propindo\Production - Documents\Bulk\Operations\2005\LST\LST~1\11~NOP\20.XLS:-> INDEX 385
Tue, 27 Aug 2024 05:25:26 D:\Polytama Propindo\Production - Documents\Bulk\Operations\2005\LST\LST~1\11~NOP\21.XLS:-> INDEX 388
Tue, 27 Aug 2024 05:25:27 D:\Polytama Propindo\Production - Documents\Bulk\Operations\2005\LST\LST~1\11~NOP\29.XLS:-> INDEX 391
Tue, 27 Aug 2024 05:25:27 D:\Polytama Propindo\Production - Documents\Bulk\Operations\2005\LST\LST~1\11~NOP\30.XLS:-> INDEX 394
Tue, 27 Aug 2024 05:25:27 D:\Polytama Propindo\Production - Documents\Bulk\Operations\2005\LST\LST~1\12~DES\01.XLS:-> INDEX 397
Tue, 27 Aug 2024 05:25:27 D:\Polytama Propindo\Production - Documents\Bulk\Operations\2005\LST\LST~1\12~DES\02.XLS:-> INDEX 400
Tue, 27 Aug 2024 05:25:27 D:\Polytama Propindo\Production - Documents\Bulk\Operations\2005\LST\LST~1\12~DES\03.XLS:-> INDEX 403
Tue, 27 Aug 2024 05:25:27 D:\Polytama Propindo\Production - Documents\Bulk\Operations\2005\LST\LST~1\12~DES\04.XLS:-> INDEX 406
Tue, 27 Aug 2024 05:25:27 D:\Polytama Propindo\Production - Documents\Bulk\Operations\2005\LST\LST~1\12~DES\05.XLS:-> INDEX 409
Tue, 27 Aug 2024 05:25:27 D:\Polytama Propindo\Production - Documents\Bulk\Operations\2005\LST\LST~1\12~DES\06.XLS:-> INDEX 412
Tue, 27 Aug 2024 05:25:27 D:\Polytama Propindo\Production - Documents\Bulk\Operations\2005\LST\LST~1\12~DES\07.XLS:-> INDEX 415
Tue, 27 Aug 2024 05:25:27 D:\Polytama Propindo\Production - Documents\Bulk\Operations\2005\LST\LST~1\12~DES\08.XLS:-> INDEX 418
Tue, 27 Aug 2024 05:25:27 D:\Polytama Propindo\Production - Documents\Bulk\Operations\2005\LST\LST~1\12~DES\09.XLS:-> INDEX 421
Tue, 27 Aug 2024 05:25:27 D:\Polytama Propindo\Production - Documents\Bulk\Operations\2005\LST\LST~1\12~DES\10.XLS:-> INDEX 424
Tue, 27 Aug 2024 05:25:27 D:\Polytama Propindo\Production - Documents\Bulk\Operations\2005\LST\LST~1\12~DES\12.XLS:-> INDEX 427
